TN:
SF:src\application\useCases\GetCitySuggestions.ts
FN:5,(anonymous_7)
FN:7,(anonymous_8)
FNF:2
FNH:2
FNDA:2,(anonymous_7)
FNDA:3,(anonymous_8)
DA:4,2
DA:5,2
DA:8,3
LF:3
LH:3
BRF:0
BRH:0
end_of_record
TN:
SF:src\application\useCases\GetWeatherForecast.ts
FN:8,(anonymous_7)
FN:10,(anonymous_8)
FNF:2
FNH:2
FNDA:2,(anonymous_7)
FNDA:2,(anonymous_8)
DA:4,2
DA:5,2
DA:7,2
DA:8,2
DA:11,2
DA:12,1
DA:13,1
DA:14,1
LF:8
LH:8
BRF:0
BRH:0
end_of_record
TN:
SF:src\domain\logic\activityRanking.ts
FN:3,rankActivities
FN:12,(anonymous_1)
FN:15,(anonymous_2)
FN:16,(anonymous_3)
FN:19,(anonymous_4)
FN:22,(anonymous_5)
FN:23,(anonymous_6)
FNF:7
FNH:7
FNDA:5,rankActivities
FNDA:2,(anonymous_1)
FNDA:2,(anonymous_2)
FNDA:4,(anonymous_3)
FNDA:3,(anonymous_4)
FNDA:20,(anonymous_5)
FNDA:20,(anonymous_6)
DA:3,3
DA:4,5
DA:11,5
DA:12,2
DA:14,5
DA:15,2
DA:16,4
DA:18,5
DA:19,3
DA:22,20
DA:23,20
LF:11
LH:11
BRDA:11,0,0,2
BRDA:11,0,1,3
BRDA:11,1,0,5
BRDA:11,1,1,2
BRDA:14,2,0,1
BRDA:14,2,1,4
BRDA:14,3,0,5
BRDA:14,3,1,2
BRDA:18,4,0,1
BRDA:18,4,1,4
BRF:10
BRH:10
end_of_record
TN:
SF:src\domain\logic\weatherConditions.ts
FN:1,getCondition
FNF:1
FNH:1
FNDA:9,getCondition
DA:1,3
DA:2,9
DA:3,7
DA:4,5
DA:5,2
LF:5
LH:5
BRDA:2,0,0,2
BRDA:2,0,1,7
BRDA:2,1,0,9
BRDA:2,1,1,8
BRDA:3,2,0,2
BRDA:3,2,1,5
BRDA:3,3,0,7
BRDA:3,3,1,6
BRDA:4,4,0,3
BRDA:4,4,1,2
BRDA:4,5,0,5
BRDA:4,5,1,4
BRF:12
BRH:12
end_of_record
TN:
SF:src\infrastructure\services\SuggestionsService.ts
FN:6,(anonymous_8)
FN:11,(anonymous_10)
FNF:2
FNH:2
FNDA:3,(anonymous_8)
FNDA:1,(anonymous_10)
DA:1,2
DA:5,2
DA:7,3
DA:8,3
DA:9,3
DA:10,2
DA:11,2
DA:17,1
DA:18,1
LF:9
LH:9
BRDA:10,0,0,2
BRDA:10,0,1,0
BRF:2
BRH:1
end_of_record
TN:
SF:src\infrastructure\services\WeatherService.ts
FN:6,(anonymous_8)
FNF:1
FNH:1
FNDA:2,(anonymous_8)
DA:1,2
DA:5,2
DA:7,2
DA:8,2
DA:9,2
DA:10,1
DA:11,1
DA:16,1
DA:17,1
LF:9
LH:9
BRF:0
BRH:0
end_of_record
TN:
SF:src\presentation\graphql\resolvers.ts
FN:11,(anonymous_7)
FN:11,(anonymous_8)
FN:14,(anonymous_9)
FN:14,(anonymous_10)
FNF:4
FNH:4
FNDA:3,(anonymous_7)
FNDA:3,(anonymous_8)
FNDA:2,(anonymous_9)
FNDA:2,(anonymous_10)
DA:9,2
DA:11,3
DA:12,3
DA:14,2
DA:15,2
DA:20,2
LF:6
LH:6
BRF:0
BRH:0
end_of_record
