TN:
SF:src\domain\logic\activityRanking.ts
FN:3,rankActivities
FN:12,(anonymous_1)
FN:15,(anonymous_2)
FN:16,(anonymous_3)
FN:19,(anonymous_4)
FN:22,(anonymous_5)
FN:23,(anonymous_6)
FNF:7
FNH:7
FNDA:4,rankActivities
FNDA:1,(anonymous_1)
FNDA:2,(anonymous_2)
FNDA:4,(anonymous_3)
FNDA:3,(anonymous_4)
FNDA:17,(anonymous_5)
FNDA:16,(anonymous_6)
DA:3,1
DA:4,4
DA:11,4
DA:12,1
DA:14,4
DA:15,2
DA:16,4
DA:18,4
DA:19,3
DA:22,17
DA:23,16
LF:11
LH:11
BRDA:11,0,0,1
BRDA:11,0,1,3
BRDA:11,1,0,4
BRDA:11,1,1,1
BRDA:14,2,0,1
BRDA:14,2,1,3
BRDA:14,3,0,4
BRDA:14,3,1,2
BRDA:18,4,0,1
BRDA:18,4,1,3
BRF:10
BRH:10
end_of_record
TN:
SF:src\domain\logic\weatherConditions.ts
FN:1,getCondition
FNF:1
FNH:1
FNDA:8,getCondition
DA:1,1
DA:2,8
DA:3,6
DA:4,4
DA:5,2
LF:5
LH:5
BRDA:2,0,0,2
BRDA:2,0,1,6
BRDA:2,1,0,8
BRDA:2,1,1,7
BRDA:3,2,0,2
BRDA:3,2,1,4
BRDA:3,3,0,6
BRDA:3,3,1,5
BRDA:4,4,0,2
BRDA:4,4,1,2
BRDA:4,5,0,4
BRDA:4,5,1,3
BRF:12
BRH:12
end_of_record
